0 info it worked if it ends with ok
1 verbose cli [ '/home/caiomcg/.nvm/versions/node/v6.10.2/bin/node',
1 verbose cli   '/home/caiomcg/.nvm/versions/node/v6.10.2/bin/npm',
1 verbose cli   'start' ]
2 info using npm@3.10.10
3 info using node@v6.10.2
4 verbose run-script [ 'prestart', 'start', 'poststart' ]
5 info lifecycle API-ReportCT@1.0.0~prestart: API-ReportCT@1.0.0
6 silly lifecycle API-ReportCT@1.0.0~prestart: no script for prestart, continuing
7 info lifecycle API-ReportCT@1.0.0~start: API-ReportCT@1.0.0
8 verbose lifecycle API-ReportCT@1.0.0~start: unsafe-perm in lifecycle true
9 verbose lifecycle API-ReportCT@1.0.0~start: PATH: /home/caiomcg/.nvm/versions/node/v6.10.2/lib/node_modules/npm/bin/node-gyp-bin:/home/caiomcg/Workspace/API-ReportCI/node_modules/.bin:/home/caiomcg/.nvm/versions/node/v6.10.2/bin:/usr/local/sbin:/usr/local/bin:/usr/sbin:/usr/bin:/sbin:/bin:/usr/games:/usr/local/games:/snap/bin:/usr/lib/jvm/java-8-oracle/bin:/usr/lib/jvm/java-8-oracle/db/bin:/usr/lib/jvm/java-8-oracle/jre/bin:/snap/bin:/usr/lib/jvm/java-8-oracle/bin:/usr/lib/jvm/java-8-oracle/db/bin:/usr/lib/jvm/java-8-oracle/jre/bin
10 verbose lifecycle API-ReportCT@1.0.0~start: CWD: /home/caiomcg/Workspace/API-ReportCI
11 silly lifecycle API-ReportCT@1.0.0~start: Args: [ '-c', 'export NODE_ENV=dev && node app.js' ]
12 silly lifecycle API-ReportCT@1.0.0~start: Returned: code: 1  signal: null
13 info lifecycle API-ReportCT@1.0.0~start: Failed to exec start script
14 verbose stack Error: API-ReportCT@1.0.0 start: `export NODE_ENV=dev && node app.js`
14 verbose stack Exit status 1
14 verbose stack     at EventEmitter.<anonymous> (/home/caiomcg/.nvm/versions/node/v6.10.2/lib/node_modules/npm/lib/utils/lifecycle.js:255:16)
14 verbose stack     at emitTwo (events.js:106:13)
14 verbose stack     at EventEmitter.emit (events.js:191:7)
14 verbose stack     at ChildProcess.<anonymous> (/home/caiomcg/.nvm/versions/node/v6.10.2/lib/node_modules/npm/lib/utils/spawn.js:40:14)
14 verbose stack     at emitTwo (events.js:106:13)
14 verbose stack     at ChildProcess.emit (events.js:191:7)
14 verbose stack     at maybeClose (internal/child_process.js:886:16)
14 verbose stack     at Process.ChildProcess._handle.onexit (internal/child_process.js:226:5)
15 verbose pkgid API-ReportCT@1.0.0
16 verbose cwd /home/caiomcg/Workspace/API-ReportCI
17 error Linux 4.4.0-78-generic
18 error argv "/home/caiomcg/.nvm/versions/node/v6.10.2/bin/node" "/home/caiomcg/.nvm/versions/node/v6.10.2/bin/npm" "start"
19 error node v6.10.2
20 error npm  v3.10.10
21 error code ELIFECYCLE
22 error API-ReportCT@1.0.0 start: `export NODE_ENV=dev && node app.js`
22 error Exit status 1
23 error Failed at the API-ReportCT@1.0.0 start script 'export NODE_ENV=dev && node app.js'.
23 error Make sure you have the latest version of node.js and npm installed.
23 error If you do, this is most likely a problem with the API-ReportCT package,
23 error not with npm itself.
23 error Tell the author that this fails on your system:
23 error     export NODE_ENV=dev && node app.js
23 error You can get information on how to open an issue for this project with:
23 error     npm bugs API-ReportCT
23 error Or if that isn't available, you can get their info via:
23 error     npm owner ls API-ReportCT
23 error There is likely additional logging output above.
24 verbose exit [ 1, true ]
